[PMAC_HARDWARE]
[PMAC_CONFIG]
[PMAC_PROJECT]
[PMAC_PROJECT]
[PMAC_PROJECT]
[PMAC_PROJECT]
/var/ftp/usrflash/Project/PMAC Script Language/Motion Programs/trajectory_scan_code_ppmac.pmc:334:1: Preprocessing Error: Missing } bracket: on string:"Close"
/var/ftp/usrflash/Project/PMAC Script Language/Motion Programs/trajectory_scan_definitions_ppmac.pmc:20:1: Preprocessing Error: Illegal Format: on string:"global BufferAdr(BuffLen*2*10)                      ; PVT position buffers"
[PMAC_PROJECT]
/var/ftp/usrflash/Project/PMAC Script Language/Motion Programs/trajectory_scan_code_ppmac.pmc:334:1: Preprocessing Error: Missing } bracket: on string:"Close"
[PMAC_PROJECT]
/var/ftp/usrflash/Project/PMAC Script Language/Motion Programs/trajectory_scan_code_ppmac.pmc:335:1: Preprocessing Error: Missing } bracket: on string:"Close"
[PMAC_PROJECT]
/var/ftp/usrflash/Project/PMAC Script Language/Motion Programs/trajectory_scan_code_ppmac.pmc:6:7: error #20: ILLEGAL CMD: BufferLength = BuffLen
Error: downloading preprocessed File: "/var/ftp/usrflash/Temp/pp_proj.pma"
[PMAC_PROJECT]
/var/ftp/usrflash/Project/PMAC Script Language/Motion Programs/trajectory_scan_code_ppmac.pmc:6:7: error #20: ILLEGAL CMD: BufferLength = BuffLen
Error: downloading preprocessed File: "/var/ftp/usrflash/Temp/pp_proj.pma"
[PMAC_PROJECT]
/var/ftp/usrflash/Project/PMAC Script Language/Motion Programs/trajectory_scan_code_ppmac.pmc:6:7: error #20: ILLEGAL CMD: BufferLength = BuffLen
Error: downloading preprocessed File: "/var/ftp/usrflash/Temp/pp_proj.pma"
[PMAC_PROJECT]
/var/ftp/usrflash/Project/PMAC Script Language/Motion Programs/trajectory_scan_code_ppmac.pmc:6:7: error #20: ILLEGAL CMD: BufferLength = BuffLen
Error: downloading preprocessed File: "/var/ftp/usrflash/Temp/pp_proj.pma"
[PMAC_PROJECT]
/var/ftp/usrflash/Project/PMAC Script Language/Global Includes/trajectory_scan_definitions_ppmac.pmh:21:1: Preprocessing Error: Illegal Format: on string:"global BufferAdr(BuffLen*2*10)                      // PVT position buffers"
[PMAC_PROJECT]
/var/ftp/usrflash/Project/PMAC Script Language/Global Includes/trajectory_scan_definitions_ppmac.pmh:23:1: Preprocessing Error: Illegal Format: on string:"global BufferAdr(pointsBuffLen)                      // PVT position buffers"
[PMAC_PROJECT]
/var/ftp/usrflash/Project/PMAC Script Language/Motion Programs/trajectory_scan_code_ppmac.pmc:93:1: error #31: missing ) in conditional:  If(M4034 = 1)
Error: downloading preprocessed File: "/var/ftp/usrflash/Temp/pp_proj.pma"
[PMAC_PROJECT]
/var/ftp/usrflash/Project/PMAC Script Language/Motion Programs/trajectory_scan_code_ppmac.pmc:107:1: error #31: missing ) in conditional: If(M4034 = 1)
Error: downloading preprocessed File: "/var/ftp/usrflash/Temp/pp_proj.pma"
[PMAC_PROJECT]
/var/ftp/usrflash/Project/PMAC Script Language/Motion Programs/trajectory_scan_code_ppmac.pmc:135:1: error #31: invalid code:  P48264 = P48233[P48276]
Error: downloading preprocessed File: "/var/ftp/usrflash/Temp/pp_proj.pma"
[PMAC_PROJECT]
/var/ftp/usrflash/Project/PMAC Script Language/Motion Programs/trajectory_scan_code_ppmac.pmc:135:1: error #31: invalid function in equation:  P56211 = Next_Time[P56223]
Error: downloading preprocessed File: "/var/ftp/usrflash/Temp/pp_proj.pma"
[PMAC_PROJECT]
/var/ftp/usrflash/Project/PMAC Script Language/Motion Programs/trajectory_scan_code_ppmac.pmc:138:1: error #31: invalid function in equation:  P56211 = Next_Time[L0]
Error: downloading preprocessed File: "/var/ftp/usrflash/Temp/pp_proj.pma"
[PMAC_PROJECT]
/var/ftp/usrflash/Project/PMAC Script Language/Motion Programs/trajectory_scan_code_ppmac.pmc:140:1: error #31: invalid function in equation:  P56213 = NextVelMode[P56223]
Error: downloading preprocessed File: "/var/ftp/usrflash/Temp/pp_proj.pma"
[PMAC_PROJECT]
/var/ftp/usrflash/Project/PMAC Script Language/Motion Programs/trajectory_scan_code_ppmac.pmc:162:1: error #31: data error in equation:  P56206 =
Error: downloading preprocessed File: "/var/ftp/usrflash/Temp/pp_proj.pma"
[PMAC_PROJECT]
/var/ftp/usrflash/Project/PMAC Script Language/Motion Programs/trajectory_scan_code_ppmac.pmc:336:1: error #31: label not found: close
Error: downloading preprocessed File: "/var/ftp/usrflash/Temp/pp_proj.pma"
[PMAC_PROJECT]
/var/ftp/usrflash/Project/PMAC Script Language/Motion Programs/trajectory_scan_code_ppmac.pmc:336:1: error #31: label not found: close
Error: downloading preprocessed File: "/var/ftp/usrflash/Temp/pp_proj.pma"
[PMAC_PROJECT]
/var/ftp/usrflash/Project/PMAC Script Language/Motion Programs/trajectory_scan_code_ppmac.pmc:337:1: Preprocessing Error: Missing Close: on string:""
[PMAC_PROJECT]
/var/ftp/usrflash/Project/PMAC Script Language/Motion Programs/trajectory_scan_code_ppmac.pmc:335:1: error #31: label not found: close
Error: downloading preprocessed File: "/var/ftp/usrflash/Temp/pp_proj.pma"
[PMAC_PROJECT]
/var/ftp/usrflash/Project/PMAC Script Language/Motion Programs/trajectory_scan_code_ppmac.pmc:335:1: Preprocessing Error: Missing Close: on string:""
[PMAC_PROJECT]
/var/ftp/usrflash/Project/PMAC Script Language/Motion Programs/trajectory_scan_code_ppmac.pmc:335:1: error #31: label not found: close
Error: downloading preprocessed File: "/var/ftp/usrflash/Temp/pp_proj.pma"
[PMAC_PROJECT]
/var/ftp/usrflash/Project/PMAC Script Language/Motion Programs/trajectory_scan_code_ppmac.pmc:332:1: error #31: label not found: close
Error: downloading preprocessed File: "/var/ftp/usrflash/Temp/pp_proj.pma"
[PMAC_PROJECT]
/var/ftp/usrflash/Project/PMAC Script Language/Motion Programs/trajectory_scan_code_ppmac.pmc:332:1: error #31: label not found: close
Error: downloading preprocessed File: "/var/ftp/usrflash/Temp/pp_proj.pma"
[PMAC_PROJECT]
/var/ftp/usrflash/Project/PMAC Script Language/Motion Programs/trajectory_scan_code_ppmac.pmc:332:1: Preprocessing Error: Missing Close: on string:""
[PMAC_PROJECT]
/var/ftp/usrflash/Project/PMAC Script Language/Motion Programs/trajectory_scan_code_ppmac.pmc:332:1: error #31: label not found: close
Error: downloading preprocessed File: "/var/ftp/usrflash/Temp/pp_proj.pma"
[PMAC_PROJECT]
/var/ftp/usrflash/Project/PMAC Script Language/Motion Programs/trajectory_scan_code_ppmac.pmc:104:1: error #31: label not found: close
Error: downloading preprocessed File: "/var/ftp/usrflash/Temp/pp_proj.pma"
[PMAC_PROJECT]
/var/ftp/usrflash/Project/PMAC Script Language/Motion Programs/trajectory_scan_code_ppmac.pmc:269:1: error #31: label not found: close
Error: downloading preprocessed File: "/var/ftp/usrflash/Temp/pp_proj.pma"
[PMAC_PROJECT]
[PMAC_PROJECT]
/var/ftp/usrflash/Project/PMAC Script Language/Motion Programs/trajectory_scan_code_ppmac.pmc:240:1: error #31: label not found: close
Error: downloading preprocessed File: "/var/ftp/usrflash/Temp/pp_proj.pma"
[PMAC_PROJECT]
